

Date:2024-10-28 11:27:08,363
Thread:[1]
Level:ERROR
Logger:InsertBlazorCode.SyncfusionCodeGeneratorMenuCommand                         [(null)]
Message:System.ArgumentException: The path is not of a legal form.
   at System.IO.Path.NormalizePath(String path, Boolean fullCheck, Int32 maxPathLength, Boolean expandShortPaths)
   at System.IO.Path.InternalGetDirectoryName(String path)
   at InsertBlazorCode.SyncfusionCodeGeneratorMenuCommand.queryStatusMenuCommand_BeforeQueryStatus(Object sender, EventArgs e) in C:\Git\RP\vsext_insertblazorcode\SyncfusionBlazorcodegenerator\SyncfusionCodeGeneratorMenuCommand.cs:line 331


Date:2024-10-28 11:27:13,086
Thread:[1]
Level:ERROR
Logger:InsertBlazorCode.SyncfusionCodeGeneratorMenuCommand                         [(null)]
Message:System.ArgumentException: The path is not of a legal form.
   at System.IO.Path.NormalizePath(String path, Boolean fullCheck, Int32 maxPathLength, Boolean expandShortPaths)
   at System.IO.Path.InternalGetDirectoryName(String path)
   at InsertBlazorCode.SyncfusionCodeGeneratorMenuCommand.queryStatusMenuCommand_BeforeQueryStatus(Object sender, EventArgs e) in C:\Git\RP\vsext_insertblazorcode\SyncfusionBlazorcodegenerator\SyncfusionCodeGeneratorMenuCommand.cs:line 331


Date:2024-10-28 11:39:11,655
Thread:[1]
Level:ERROR
Logger:InsertBlazorCode.SyncfusionCodeGeneratorMenuCommand                         [(null)]
Message:System.ArgumentException: The path is not of a legal form.
   at System.IO.Path.NormalizePath(String path, Boolean fullCheck, Int32 maxPathLength, Boolean expandShortPaths)
   at System.IO.Path.InternalGetDirectoryName(String path)
   at InsertBlazorCode.SyncfusionCodeGeneratorMenuCommand.queryStatusMenuCommand_BeforeQueryStatus(Object sender, EventArgs e) in C:\Git\RP\vsext_insertblazorcode\SyncfusionBlazorcodegenerator\SyncfusionCodeGeneratorMenuCommand.cs:line 331
